{"level":"info","message":"⌛ Building environment","timeElapsed":159,"timestamp":"2024-10-09T19:36:50.232Z"}
{"level":"info","message":"onRequest - WORKSPACE_URI:file:///home/thiago/Escritorio/PracticaObjetos","timestamp":"2024-10-09T19:36:50.234Z"}
{"level":"info","message":"⌛ Building environment","timeElapsed":113,"timestamp":"2024-10-09T19:36:50.349Z"}
{"level":"info","message":"⌛ Building environment","timeElapsed":201,"timestamp":"2024-10-09T19:36:50.970Z"}
{"level":"info","message":"⌛ Building environment","timeElapsed":220,"timestamp":"2024-10-09T19:36:51.292Z"}
{"level":"info","message":"⌛ Building environment","timeElapsed":128,"timestamp":"2024-10-09T19:36:51.421Z"}
{"level":"info","message":"⌛ Building environment","timeElapsed":136,"timestamp":"2024-10-09T19:36:51.638Z"}
{"level":"info","message":"⌛ Validating Clases/Clase05/Clase05.wlk","timeElapsed":194,"timestamp":"2024-10-09T19:36:51.911Z"}
{"level":"info","message":"⌛ Building environment","timeElapsed":221,"timestamp":"2024-10-09T19:36:52.133Z"}
{"level":"info","message":"⌛ Building environment","timeElapsed":104,"timestamp":"2024-10-09T19:36:52.311Z"}
{"level":"info","message":"⌛ Validating Clases/Clase05/clase05.wtest","timeElapsed":168,"timestamp":"2024-10-09T19:36:52.732Z"}
{"level":"info","message":"⌛ Validating Clases/Clase05/personas/Medico.wlk","timeElapsed":161,"timestamp":"2024-10-09T19:36:52.895Z"}
{"level":"info","message":"⌛ Validating Clases/Clase05/personas/Persona.wlk","timeElapsed":139,"timestamp":"2024-10-09T19:36:53.036Z"}
{"level":"info","message":"⌛ Validating Clases/Clase05/personas/JefeDepartamento.wlk","timeElapsed":110,"timestamp":"2024-10-09T19:36:53.147Z"}
{"level":"info","message":"⌛ Validating GuiasDeWollok/TomYJerry/tom-jerry/testExample.wtest","timeElapsed":123,"timestamp":"2024-10-09T19:36:53.270Z"}
{"level":"info","message":"⌛ Validating GuiasDeWollok/Videojuegos/videojuegos/testExample.wtest","timeElapsed":118,"timestamp":"2024-10-09T19:36:53.487Z"}
{"level":"info","message":"⌛ Validating Clases/Clase05/enfermedades/EnfermedadInfecciosa.wlk","timeElapsed":147,"timestamp":"2024-10-09T19:36:53.734Z"}
{"level":"info","message":"⌛ Validating Clases/Clase05/enfermedades/EnfermedadAutoinmune.wlk","timeElapsed":169,"timestamp":"2024-10-09T19:36:53.903Z"}
{"level":"info","message":"⌛ Validating Clases/Clase05/enfermedades/Enfermedad.wlk","timeElapsed":104,"timestamp":"2024-10-09T19:36:54.008Z"}
{"level":"info","message":"⌛ Validating GuiasDeWollok/sueldo-de-pepe/sueldo-de-pepe/sueldoPepe.wlk","timeElapsed":105,"timestamp":"2024-10-09T19:36:54.114Z"}
{"level":"info","message":"⌛ Validating Clases/Clase05/Clase05.wlk","timeElapsed":104,"timestamp":"2024-10-09T19:36:54.219Z"}
{"level":"info","message":"⌛ Validating GuiasDeWollok/sueldo-de-pepe/sueldo-de-pepe/testExample.wtest","timeElapsed":102,"timestamp":"2024-10-09T19:36:55.237Z"}
{"level":"info","message":"⌛ Validating GuiasDeWollok/Dr_Casa_Temp1/dr_casa_temp1/dr_casa_t1.wtest","timeElapsed":106,"timestamp":"2024-10-09T19:36:55.532Z"}
