{"level":"info","message":"⌛ Building environment","timeElapsed":162,"timestamp":"2024-09-30T20:00:24.052Z"}
{"level":"info","message":"onRequest - WORKSPACE_URI:file:///c%3A/Users/thg_7/OneDrive/Escritorio/GuiasDeWollok","timestamp":"2024-09-30T20:00:24.063Z"}
{"level":"info","message":"⌛ Validating TomYJerry/tom-jerry/tom_y_jerry.wlk","timeElapsed":127,"timestamp":"2024-09-30T20:00:25.022Z"}
{"level":"info","message":"⌛ Building environment","timeElapsed":112,"timestamp":"2024-09-30T20:00:25.136Z"}
{"level":"info","message":"⌛ Validating Videojuegos/videojuegos/videojuegos.wlk","timeElapsed":151,"timestamp":"2024-09-30T20:00:25.295Z"}
{"level":"info","message":"⌛ Validating Videojuegos/videojuegos/testExample.wtest","timeElapsed":234,"timestamp":"2024-09-30T20:00:25.531Z"}
{"level":"info","message":"⌛ Validating sueldo-de-pepe/sueldo-de-pepe/testExample.wtest","timeElapsed":117,"timestamp":"2024-09-30T20:00:25.649Z"}
{"level":"info","message":"⌛ Validating sueldo-de-pepe/sueldo-de-pepe/sueldoPepe.wlk","timeElapsed":128,"timestamp":"2024-09-30T20:00:25.779Z"}
{"level":"info","message":"⌛ Validating Dr_Casa_Temp1/dr_casa_temp1/dr_casa_t1.wlk","timeElapsed":104,"timestamp":"2024-09-30T20:00:25.983Z"}
{"level":"info","message":"⌛ Validating QueFiesta/que-fiesta/testExample.wtest","timeElapsed":104,"timestamp":"2024-09-30T20:00:26.170Z"}
{"level":"info","message":"⌛ Validating QueFiesta/que-fiesta/quefiesta.wlk","timeElapsed":108,"timestamp":"2024-09-30T20:00:26.980Z"}
{"level":"info","message":"onRequest - completionItem/resolve","timestamp":"2024-09-30T20:01:21.770Z"}
{"level":"info","message":"onRequest - completionItem/resolve","timestamp":"2024-09-30T20:01:24.788Z"}
{"level":"info","message":"onRequest - completionItem/resolve","timestamp":"2024-09-30T20:01:27.205Z"}
{"level":"info","message":"⌛ Validating Dr_Casa_Temp1/dr_casa_temp1/dr_casa_t1.wtest","timeElapsed":104,"timestamp":"2024-09-30T20:01:27.401Z"}
{"level":"info","message":"⌛ Building environment","timeElapsed":249,"timestamp":"2024-10-02T11:47:21.547Z"}
{"level":"info","message":"onRequest - WORKSPACE_URI:file:///c%3A/Users/thg_7/OneDrive/Escritorio/GuiasDeWollok","timestamp":"2024-10-02T11:47:21.560Z"}
{"level":"info","message":"⌛ Validating Dr_Casa_Temp1/dr_casa_temp1/dr_casa_t1.wtest","timeElapsed":165,"timestamp":"2024-10-02T11:47:22.443Z"}
{"level":"info","message":"⌛ Building environment","timeElapsed":107,"timestamp":"2024-10-02T11:47:23.042Z"}
{"level":"info","message":"⌛ Building environment","timeElapsed":106,"timestamp":"2024-10-02T11:47:24.618Z"}
{"level":"info","message":"⌛ Validating Dr_Casa_Temp1/dr_casa_temp1/dr_casa_t1.wtest","timeElapsed":148,"timestamp":"2024-10-02T11:47:24.778Z"}
{"level":"info","message":"⌛ Validating sueldo-de-pepe/sueldo-de-pepe/testExample.wtest","timeElapsed":128,"timestamp":"2024-10-02T11:47:25.091Z"}
{"level":"info","message":"⌛ Validating sueldo-de-pepe/sueldo-de-pepe/sueldoPepe.wlk","timeElapsed":166,"timestamp":"2024-10-02T11:47:25.259Z"}
{"level":"info","message":"⌛ Validating Dr_Casa_Temp1/dr_casa_temp1/dr_casa_t1.wlk","timeElapsed":176,"timestamp":"2024-10-02T11:47:25.436Z"}
{"level":"info","message":"⌛ Building environment","timeElapsed":101,"timestamp":"2024-10-02T11:47:25.538Z"}
{"level":"info","message":"⌛ Building environment","timeElapsed":128,"timestamp":"2024-10-02T11:47:25.864Z"}
{"level":"info","message":"⌛ Validating Videojuegos/videojuegos/videojuegos.wlk","timeElapsed":142,"timestamp":"2024-10-02T11:47:26.006Z"}
{"level":"info","message":"⌛ Validating QueFiesta/que-fiesta/quefiesta.wlk","timeElapsed":107,"timestamp":"2024-10-02T11:47:26.262Z"}
{"level":"info","message":"⌛ Building environment","timeElapsed":212,"timestamp":"2024-10-02T11:49:43.317Z"}
{"level":"info","message":"onRequest - WORKSPACE_URI:file:///c%3A/Users/thg_7/OneDrive/Escritorio/GuiasDeWollok","timestamp":"2024-10-02T11:49:43.330Z"}
{"level":"info","message":"⌛ Building environment","timeElapsed":211,"timestamp":"2024-10-02T11:49:54.406Z"}
{"level":"info","message":"onRequest - WORKSPACE_URI:file:///c%3A/Users/thg_7/OneDrive/Escritorio/GuiasDeWollok","timestamp":"2024-10-02T11:49:54.420Z"}
{"level":"info","message":"⌛ Building environment","timeElapsed":126,"timestamp":"2024-10-02T11:49:54.550Z"}
{"level":"info","message":"⌛ Validating Dr_Casa_Temp1/dr_casa_temp1/dr_casa_t1.wlk","timeElapsed":141,"timestamp":"2024-10-02T11:49:55.712Z"}
{"level":"info","message":"⌛ Validating Dr_Casa_Temp1/dr_casa_temp1/dr_casa_t1.wlk","timeElapsed":103,"timestamp":"2024-10-02T11:49:56.472Z"}
{"level":"info","message":"⌛ Building environment","timeElapsed":172,"timestamp":"2024-10-02T11:50:05.258Z"}
{"level":"info","message":"onRequest - WORKSPACE_URI:file:///c%3A/Users/thg_7/OneDrive/Escritorio/GuiasDeWollok","timestamp":"2024-10-02T11:50:05.270Z"}
{"level":"info","message":"⌛ Validating Dr_Casa_Temp1/dr_casa_temp1/dr_casa_t1.wlk","timeElapsed":168,"timestamp":"2024-10-02T11:50:06.135Z"}
{"level":"info","message":"⌛ Validating Dr_Casa_Temp1/dr_casa_temp1/dr_casa_t1.wlk","timeElapsed":126,"timestamp":"2024-10-02T11:50:07.811Z"}
{"level":"info","message":"⌛ Validating Dr_Casa_Temp1/dr_casa_temp1/dr_casa_t1.wlk","timeElapsed":166,"timestamp":"2024-10-02T11:50:08.397Z"}
{"level":"info","message":"⌛ Building environment","timeElapsed":118,"timestamp":"2024-10-02T11:50:34.170Z"}
